23:35:08| Marble count     = 1000
23:35:08| Marble delay     = 0.01
23:35:08| Marbles in a bag = 7
23:35:08| Bagger delay     = 0.05
23:35:08| Assembler delay  = 0.05
23:35:08| Wrapper delay    = 0.05
23:35:08| Create the processes
23:35:08| Starting the processes
23:35:08| Waiting for processes to finish
23:35:19| Contents of C:/Users/jared/Documents/GitHub/CSE251_Parallelism/week06/assignment/boxes.txt
23:35:19| Created - <built-in method time of datetime.datetime object at 0x000002CAAA4D81E0>: Large marble: Zeus, marbles: Maximum Purple, Pale Plum, Vegas Gold, Black Coral, Chinese Red, Antique Brass, Blue
23:35:19| Created - <built-in method time of datetime.datetime object at 0x000002CAAA4D8780>: Large marble: 5-Star, marbles: Royal Orange, Pastel Gray, Granny Smith Apple, Royal Blue, La Salle Green, Maximum Violet, Pastel Gray
23:35:19| Created - <built-in method time of datetime.datetime object at 0x000002CAAA4D81E0>: Large marble: Winner, marbles: Golden Yellow, Lilac Luster, Orange Peel, Gold, Cotton Candy, Spanish Carmine, Chinese Red
23:35:19| Created - <built-in method time of datetime.datetime object at 0x000002CAAA4D8780>: Large marble: Hercules, marbles: Mode Beige, Neon Silver, Lemon Lime, Granny Smith Apple, Cotton Candy, La Salle Green, Honeydew
23:35:19| Created - <built-in method time of datetime.datetime object at 0x000002CAAA4D81E0>: Large marble: 5-Star, marbles: Blue, Ruby, Mode Beige, Ruby, Big Dip O’ruby, Icterine, Candy Pink
23:35:19| Created - <built-in method time of datetime.datetime object at 0x000002CAAA4D8780>: Large marble: Zeus, marbles: Lemon Lime, Granny Smith Apple, Shandy, Outrageous Orange, Mimi Pink, Pale Plum, Neon Dark Green
23:35:19| Created - <built-in method time of datetime.datetime object at 0x000002CAAA4D81E0>: Large marble: Lucky, marbles: Middle Green Yellow, Ivory, Brink Pink, Maximum Blue, Mint Green, Slate Blue, Mode Beige
23:35:19| Created - <built-in method time of datetime.datetime object at 0x000002CAAA4D8780>: Large marble: Hercules, marbles: Blue, Terra Cotta, Tuscan Brown, Blue Bell, White Smoke, Sheen Green, Blue-Green
23:35:19| Created - <built-in method time of datetime.datetime object at 0x000002CAAA4D81E0>: Large marble: Hercules, marbles: Mimi Pink, Platinum, Russian Violet, Rose Dust, Spanish Pink, Pale Goldenrod, Bistre Brown
23:35:19| Created - <built-in method time of datetime.datetime object at 0x000002CAAA4D8780>: Large marble: Apollo, marbles: Emerald, Liver Chestnut, Rose Quartz, Fiery Rose, Lavender Blue, Silver Chalice, Blue Bell
23:35:19| Created - <built-in method time of datetime.datetime object at 0x000002CAAA4D81E0>: Large marble: 5-Star, marbles: Spanish Carmine, Venetian Red, Lemon Lime, Lumber, Middle Green Yellow, Auburn, Dark Moss Green
23:35:19| Created - <built-in method time of datetime.datetime object at 0x000002CAAA4D8780>: Large marble: Big Joe, marbles: Neon Dark Green, Mode Beige, Pale Cerulean, Antique Brass, Brown, White Smoke, Ruby
23:35:19| Created - <built-in method time of datetime.datetime object at 0x000002CAAA4D81E0>: Large marble: 5-Star, marbles: Mimi Pink, Neon Silver, Blue-Green, Chinese Red, Tuscan Brown, Pastel Blue, Middle Green Yellow
23:35:19| Created - <built-in method time of datetime.datetime object at 0x000002CAAA4D8780>: Large marble: Winner, marbles: Maximum Purple, Auburn, Pale Plum, Lumber, Neon Dark Green, Emerald, Maximum Purple
23:35:19| Created - <built-in method time of datetime.datetime object at 0x000002CAAA4D81E0>: Large marble: Big Joe, marbles: Green, Green, Middle Green, Mint Cream, Gold, Lilac Luster, Ivory
23:35:19| Created - <built-in method time of datetime.datetime object at 0x000002CAAA4D8780>: Large marble: Winner, marbles: Liver Chestnut, Spanish Pink, Antique Bronze, Neon Pink, Golden Yellow, Isabelline, Lilac Luster
23:35:19| Created - <built-in method time of datetime.datetime object at 0x000002CAAA4D81E0>: Large marble: 5-Star, marbles: Mode Beige, Big Dip O’ruby, Purple Plum, Dark Moss Green, Antique Brass, Russian Green, Silver Chalice
23:35:19| Created - <built-in method time of datetime.datetime object at 0x000002CAAA4D8780>: Large marble: Zeus, marbles: Tuscan Brown, Royal Orange, Spanish Pink, Brink Pink, Ruby, Icterine, Thulian Pink
23:35:19| Created - <built-in method time of datetime.datetime object at 0x000002CAAA4D81E0>: Large marble: Lucky, marbles: Pale Goldenrod, Almond, Brown, Fiery Rose, Orange Peel, Lavender Blue, Dark Moss Green
23:35:19| Created - <built-in method time of datetime.datetime object at 0x000002CAAA4D8780>: Large marble: Lucky, marbles: Chinese Red, Auburn, Thulian Pink, Rose Quartz, Maximum Purple, Spanish Carmine, Blue
23:35:19| Created - <built-in method time of datetime.datetime object at 0x000002CAAA4D81E0>: Large marble: 5-Star, marbles: Neon Dark Green, Maximum Violet, Blue Bell, Pastel Blue, Sage, Mango Tango, Middle Green
23:35:19| Created - <built-in method time of datetime.datetime object at 0x000002CAAA4D8780>: Large marble: Hercules, marbles: Duke Blue, Eerie Black, Big Dip O’ruby, Mulberry, Pale Taupe, Bistre Brown, Rose Quartz
23:35:19| Created - <built-in method time of datetime.datetime object at 0x000002CAAA4D81E0>: Large marble: Spinner, marbles: Middle Green Yellow, Outrageous Orange, Neon Pink, Pastel Gray, La Salle Green, Rose Dust, Antique Brass
23:35:19| Created - <built-in method time of datetime.datetime object at 0x000002CAAA4D8780>: Large marble: Winner, marbles: Black Coral, Black Coral, Tuscan Brown, Mimi Pink, Gold, Almond, Silver Pink
23:35:19| Created - <built-in method time of datetime.datetime object at 0x000002CAAA4D81E0>: Large marble: Spinner, marbles: Chinese Red, Liver Chestnut, Honeydew, Gold, Antique Brass, Stop Red, Royal Red
23:35:19| Created - <built-in method time of datetime.datetime object at 0x000002CAAA4D8750>: Large marble: Spinner, marbles: Arylide Yellow, Mimi Pink, Stop Red, Emerald, Stop Red, Golden Yellow, Black Coral
23:35:19| Created - <built-in method time of datetime.datetime object at 0x000002CAAA4D88A0>: Large marble: Winner, marbles: Orange Soda, Silver Chalice, Maximum Violet, Blue-Green, Orange Soda, Lilac Luster, Middle Red Purple
23:35:19| Created - <built-in method time of datetime.datetime object at 0x000002CAAA4D8750>: Large marble: Lucky, marbles: Blue-Green, Orange Peel, Ivory, Maximum Blue, Pale Cerulean, Middle Red Purple, Dark Moss Green
23:35:19| Created - <built-in method time of datetime.datetime object at 0x000002CAAA4D88A0>: Large marble: Apollo, marbles: Liver Chestnut, Duke Blue, Big Dip O’ruby, Big Dip O’ruby, Honeydew, Russian Violet, Cobalt Blue
23:35:19| Created - <built-in method time of datetime.datetime object at 0x000002CAAA4D8750>: Large marble: Zeus, marbles: Pastel Gray, Maximum Blue, Mango Tango, Auburn, Pastel Gray, Arylide Yellow, Blue Bell
23:35:19| Created - <built-in method time of datetime.datetime object at 0x000002CAAA4D88A0>: Large marble: 5-Star, marbles: Vegas Gold, Light Orange, Venetian Red, Pale Plum, Isabelline, Royal Blue, Gold
23:35:19| Created - <built-in method time of datetime.datetime object at 0x000002CAAA4D8750>: Large marble: Spinner, marbles: Chinese Red, Orange Soda, Honeydew, Maximum Purple, Orange Soda, White Smoke, Big Dip O’ruby
23:35:19| Created - <built-in method time of datetime.datetime object at 0x000002CAAA4D88A0>: Large marble: Sure Shot, marbles: Vegas Gold, Liver Chestnut, Lemon Lime, Neon Silver, Spanish Carmine, Brown, Shandy
23:35:19| Created - <built-in method time of datetime.datetime object at 0x000002CAAA4D8750>: Large marble: Hercules, marbles: Mode Beige, Royal Red, Isabelline, Fiery Rose, Silver Pink, Duke Blue, Black Coral
23:35:19| Created - <built-in method time of datetime.datetime object at 0x000002CAAA4D88A0>: Large marble: Lucky, marbles: Purple Plum, Outrageous Orange, Bistre Brown, White Smoke, Middle Green, Sage, Black Coral
23:35:19| Created - <built-in method time of datetime.datetime object at 0x000002CAAA4D8750>: Large marble: Sure Shot, marbles: Blue, Orange Peel, Purple, Safety Yellow, Pastel Blue, Rose Quartz, Outrageous Orange
23:35:19| Created - <built-in method time of datetime.datetime object at 0x000002CAAA4D88A0>: Large marble: Lucky, marbles: Light Orchid, Golden Yellow, Middle Green, Light Orchid, Vegas Gold, Blue-Green, Mimi Pink
23:35:19| Created - <built-in method time of datetime.datetime object at 0x000002CAAA4D8750>: Large marble: 5-Star, marbles: Purple, Black Coral, Middle Green Yellow, Rose Dust, Big Dip O’ruby, La Salle Green, Dark Moss Green
23:35:19| Created - <built-in method time of datetime.datetime object at 0x000002CAAA4D88A0>: Large marble: Sure Shot, marbles: Stop Red, Platinum, Russian Violet, Mode Beige, Dark Fuchsia, Tuscan Brown, La Salle Green
23:35:19| Created - <built-in method time of datetime.datetime object at 0x000002CAAA4D8750>: Large marble: Winner, marbles: Antique Brass, Outrageous Orange, Black Coral, Pale Cerulean, Royal Red, Dark Fuchsia, Middle Green
23:35:19| Created - <built-in method time of datetime.datetime object at 0x000002CAAA4D88A0>: Large marble: Zeus, marbles: Beaver, Candy Pink, Mimi Pink, Mimi Pink, Cobalt Blue, Maximum Purple, Neon Pink
23:35:19| Created - <built-in method time of datetime.datetime object at 0x000002CAAA4D8750>: Large marble: 5-Star, marbles: Middle Green, Neon Dark Green, Bistre Brown, Icterine, Duke Blue, Mimi Pink, Russian Green
23:35:19| Created - <built-in method time of datetime.datetime object at 0x000002CAAA4D88A0>: Large marble: Sure Shot, marbles: Light Orchid, Shandy, Platinum, Almond, Neon Dark Green, Orange Soda, Light Orchid
23:35:19| Created - <built-in method time of datetime.datetime object at 0x000002CAAA4D8750>: Large marble: Big Joe, marbles: Maximum Blue, Sheen Green, Golden Yellow, Neon Pink, Spanish Orange, Purple, Dark Moss Green
23:35:19| Created - <built-in method time of datetime.datetime object at 0x000002CAAA4D88A0>: Large marble: Hercules, marbles: Light Orchid, Mode Beige, Zomp, Antique Bronze, Isabelline, White Smoke, Icterine
23:35:19| Created - <built-in method time of datetime.datetime object at 0x000002CAAA4D8750>: Large marble: Winner, marbles: Light Orchid, Mint Green, Brown, Ruby, Big Dip O’ruby, Middle Green, Green
23:35:19| Created - <built-in method time of datetime.datetime object at 0x000002CAAA4D88A0>: Large marble: Winner, marbles: Lavender Blue, Pale Taupe, Tuscan Brown, Emerald, Dark Moss Green, Russian Green, Zomp
23:35:19| Created - <built-in method time of datetime.datetime object at 0x000002CAAA4D8750>: Large marble: Winner, marbles: Pastel Blue, Purple Plum, Blue Bell, Russian Violet, Sage, Mint Green, Emerald
23:35:19| Created - <built-in method time of datetime.datetime object at 0x000002CAAA4D88A0>: Large marble: Spinner, marbles: Blue Bell, Antique Bronze, Eerie Black, Orange Soda, Rose Quartz, Pastel Gray, Silver Chalice
23:35:19| Created - <built-in method time of datetime.datetime object at 0x000002CAAA4D8750>: Large marble: 5-Star, marbles: Orange Soda, Sheen Green, Big Dip O’ruby, Orange Soda, Neon Silver, Brown, Almond
23:35:19| Created - <built-in method time of datetime.datetime object at 0x000002CAAA4D88A0>: Large marble: Sure Shot, marbles: Middle Red Purple, Duke Blue, Purple Plum, Mint Green, Antique Bronze, Pale Cerulean, Ivory
23:35:19| Created - <built-in method time of datetime.datetime object at 0x000002CAAA4D8750>: Large marble: Sure Shot, marbles: Pale Plum, Middle Red Purple, Neon Dark Green, Spanish Orange, La Salle Green, Light Orchid, Pale Goldenrod
23:35:19| Created - <built-in method time of datetime.datetime object at 0x000002CAAA4D88A0>: Large marble: Sure Shot, marbles: Mimi Pink, Beaver, Dark Moss Green, Zomp, Isabelline, Spanish Orange, Rose Quartz
23:35:19| Created - <built-in method time of datetime.datetime object at 0x000002CAAA4D8750>: Large marble: Apollo, marbles: Isabelline, Orange Peel, Green, Orange Peel, Royal Blue, Golden Yellow, Big Dip O’ruby
23:35:19| Created - <built-in method time of datetime.datetime object at 0x000002CAAA4D88A0>: Large marble: Spinner, marbles: Liver Chestnut, Spanish Orange, Blue, Golden Yellow, Lavender Blue, Rose Quartz, Maximum Purple
23:35:19| Created - <built-in method time of datetime.datetime object at 0x000002CAAA4D8750>: Large marble: Winner, marbles: Auburn, Big Dip O’ruby, Sage, Dark Moss Green, Brink Pink, Thulian Pink, Emerald
23:35:19| Created - <built-in method time of datetime.datetime object at 0x000002CAAA4D88A0>: Large marble: Big Joe, marbles: Pastel Blue, Slate Blue, White Smoke, Silver Chalice, Mint Cream, Honeydew, Spanish Pink
23:35:19| Created - <built-in method time of datetime.datetime object at 0x000002CAAA4D8750>: Large marble: Spinner, marbles: Chinese Red, Middle Green, Liver Chestnut, Pale Cerulean, Russian Violet, Mint Green, Gold
23:35:19| Created - <built-in method time of datetime.datetime object at 0x000002CAAA4D88A0>: Large marble: Winner, marbles: Sage, Bistre Brown, Mulberry, Pastel Gray, Pale Goldenrod, Pale Goldenrod, Indigo
23:35:19| Created - <built-in method time of datetime.datetime object at 0x000002CAAA4D8750>: Large marble: Spinner, marbles: Emerald, Tuscan Brown, Chinese Red, Blue Bell, Pale Goldenrod, Blue Bell, Mint Cream
23:35:19| Created - <built-in method time of datetime.datetime object at 0x000002CAAA4D88A0>: Large marble: Spinner, marbles: Dark Fuchsia, Spanish Carmine, Neon Silver, Lavender Blue, Arylide Yellow, Venetian Red, Maximum Purple
23:35:19| Created - <built-in method time of datetime.datetime object at 0x000002CAAA4D8750>: Large marble: Spinner, marbles: Liver Chestnut, Neon Pink, Rose Dust, Antique Bronze, Cotton Candy, Ivory, Fiery Rose
23:35:19| Created - <built-in method time of datetime.datetime object at 0x000002CAAA4D88A0>: Large marble: Winner, marbles: Sage, Tuscan Brown, Eerie Black, Maximum Violet, Royal Orange, Emerald, Blue-Green
23:35:19| Created - <built-in method time of datetime.datetime object at 0x000002CAAA4D8750>: Large marble: Hercules, marbles: Light Orchid, Neon Dark Green, La Salle Green, Royal Red, Russian Green, Indigo, Safety Yellow
23:35:19| Created - <built-in method time of datetime.datetime object at 0x000002CAAA4D88A0>: Large marble: Big Joe, marbles: Pale Cerulean, Auburn, Lilac Luster, Lavender Purple, Royal Red, Cobalt Blue, Duke Blue
23:35:19| Created - <built-in method time of datetime.datetime object at 0x000002CAAA4D8750>: Large marble: Apollo, marbles: Pale Taupe, Arylide Yellow, Blue Bell, Spanish Carmine, Lavender Purple, Platinum, Neon Silver
23:35:19| Created - <built-in method time of datetime.datetime object at 0x000002CAAA4D88A0>: Large marble: Sure Shot, marbles: Rose Quartz, Mimi Pink, Antique Bronze, Middle Red Purple, Rose Quartz, Eerie Black, Lumber
23:35:19| Created - <built-in method time of datetime.datetime object at 0x000002CAAA4D8750>: Large marble: 5-Star, marbles: Mimi Pink, Bistre Brown, Antique Brass, Orange Soda, Blue, Terra Cotta, Ivory
23:35:19| Created - <built-in method time of datetime.datetime object at 0x000002CAAA4D88A0>: Large marble: Hercules, marbles: Purple, Orange Soda, Mint Cream, Pale Goldenrod, Antique Brass, Zomp, Antique Brass
23:35:19| Created - <built-in method time of datetime.datetime object at 0x000002CAAA4D8750>: Large marble: Hercules, marbles: Pale Cerulean, Sage, Light Orange, Tuscan Brown, Pastel Blue, Auburn, Zomp
23:35:19| Created - <built-in method time of datetime.datetime object at 0x000002CAAA4D88A0>: Large marble: Sure Shot, marbles: Lemon Lime, Royal Orange, Green, Outrageous Orange, Icterine, Neon Dark Green, Mint Green
23:35:19| Created - <built-in method time of datetime.datetime object at 0x000002CAAA4D8750>: Large marble: Hercules, marbles: Brown, Black Coral, Neon Dark Green, Gold, Maximum Blue, Antique Bronze, Emerald
23:35:19| Created - <built-in method time of datetime.datetime object at 0x000002CAAA4D88A0>: Large marble: Zeus, marbles: Pale Goldenrod, Pale Taupe, Cobalt Blue, Cotton Candy, Mulberry, Mode Beige, Rose Dust
23:35:19| Created - <built-in method time of datetime.datetime object at 0x000002CAAA4D8750>: Large marble: Spinner, marbles: Royal Blue, Candy Pink, Gold, Mango Tango, Middle Green Yellow, Eerie Black, Mint Green
23:35:19| Created - <built-in method time of datetime.datetime object at 0x000002CAAA4D88A0>: Large marble: Lucky, marbles: Pastel Blue, Russian Violet, Orange Peel, Middle Green Yellow, Terra Cotta, Gold, Honeydew
23:35:19| Created - <built-in method time of datetime.datetime object at 0x000002CAAA4D8750>: Large marble: Lucky, marbles: Neon Pink, Light Orchid, Orange Soda, Sheen Green, Eerie Black, Beaver, Pastel Blue
23:35:19| Created - <built-in method time of datetime.datetime object at 0x000002CAAA4D88A0>: Large marble: Big Joe, marbles: Russian Violet, Vegas Gold, Neon Silver, Honeydew, Cobalt Blue, Pale Taupe, Royal Blue
23:35:19| Created - <built-in method time of datetime.datetime object at 0x000002CAAA4D8750>: Large marble: Spinner, marbles: Pale Taupe, Middle Red Purple, Ivory, Maximum Violet, Brown, Chinese Red, Orange Soda
23:35:19| Created - <built-in method time of datetime.datetime object at 0x000002CAAA4D88A0>: Large marble: Zeus, marbles: Royal Red, Silver Pink, Big Dip O’ruby, Royal Orange, Pastel Gray, Antique Bronze, Rose Quartz
23:35:19| Created - <built-in method time of datetime.datetime object at 0x000002CAAA4D8750>: Large marble: Winner, marbles: White Smoke, Ruby, Maximum Purple, White Smoke, Dark Moss Green, Lumber, Neon Dark Green
23:35:19| Created - <built-in method time of datetime.datetime object at 0x000002CAAA4D88A0>: Large marble: Zeus, marbles: Thulian Pink, Shandy, Lavender Purple, Antique Bronze, Lavender Blue, Spanish Pink, Beaver
23:35:19| Created - <built-in method time of datetime.datetime object at 0x000002CAAA4D8750>: Large marble: Zeus, marbles: Brink Pink, Cotton Candy, Mint Green, Slate Blue, Pale Cerulean, Lavender Blue, Granny Smith Apple
23:35:19| Created - <built-in method time of datetime.datetime object at 0x000002CAAA4D88A0>: Large marble: Winner, marbles: Russian Violet, Indigo, Brink Pink, Bistre Brown, Blue-Green, Rose Dust, Lumber
23:35:19| Created - <built-in method time of datetime.datetime object at 0x000002CAAA4D8750>: Large marble: Lucky, marbles: Antique Brass, Mimi Pink, Maximum Violet, Mode Beige, Honeydew, Rose Quartz, Safety Yellow
23:35:19| Created - <built-in method time of datetime.datetime object at 0x000002CAAA4D88A0>: Large marble: 5-Star, marbles: Terra Cotta, Antique Bronze, Chinese Red, Russian Green, Lilac Luster, Mint Cream, Stop Red
23:35:19| Created - <built-in method time of datetime.datetime object at 0x000002CAAA4D8750>: Large marble: Sure Shot, marbles: Emerald, Orange Soda, Brink Pink, Light Orange, Terra Cotta, Middle Red Purple, Arylide Yellow
23:35:19| Created - <built-in method time of datetime.datetime object at 0x000002CAAA4D88A0>: Large marble: Sure Shot, marbles: Orange Peel, Eerie Black, Cobalt Blue, Pastel Gray, Icterine, Royal Orange, Auburn
23:35:19| Created - <built-in method time of datetime.datetime object at 0x000002CAAA4D8750>: Large marble: Zeus, marbles: Royal Orange, Spanish Carmine, Orange Peel, Spanish Carmine, Lilac Luster, Liver Chestnut, Auburn
23:35:19| Created - <built-in method time of datetime.datetime object at 0x000002CAAA4D88A0>: Large marble: 5-Star, marbles: Terra Cotta, Ivory, Spanish Carmine, Liver Chestnut, Lumber, Gold, Stop Red
23:35:19| Created - <built-in method time of datetime.datetime object at 0x000002CAAA4D8750>: Large marble: Zeus, marbles: Silver Chalice, Mulberry, Duke Blue, Spanish Pink, Maximum Blue, Light Orange, Outrageous Orange
23:35:19| Created - <built-in method time of datetime.datetime object at 0x000002CAAA4D88A0>: Large marble: Winner, marbles: Purple, Lavender Blue, Indigo, Antique Bronze, Dark Fuchsia, Maximum Blue, Mint Cream
23:35:19| Created - <built-in method time of datetime.datetime object at 0x000002CAAA4D8750>: Large marble: Big Joe, marbles: Sage, Brown, Safety Yellow, Mint Green, Blue-Green, Lavender Blue, Sheen Green
23:35:19| Created - <built-in method time of datetime.datetime object at 0x000002CAAA4D88A0>: Large marble: Big Joe, marbles: Mint Cream, Pale Plum, Blue-Green, Maximum Blue, Mulberry, Royal Orange, Safety Yellow
23:35:19| Created - <built-in method time of datetime.datetime object at 0x000002CAAA4D8750>: Large marble: Big Joe, marbles: Middle Green, Honeydew, Neon Dark Green, Middle Red Purple, White Smoke, Spanish Carmine, Lilac Luster
23:35:19| Created - <built-in method time of datetime.datetime object at 0x000002CAAA4D88A0>: Large marble: Winner, marbles: Middle Green, Antique Bronze, Maximum Violet, Icterine, Neon Pink, Rose Quartz, Antique Bronze
23:35:19| Created - <built-in method time of datetime.datetime object at 0x000002CAAA4D8750>: Large marble: Lucky, marbles: Mango Tango, Lumber, Icterine, Tuscan Brown, Rose Dust, Maximum Blue, Thulian Pink
23:35:19| Created - <built-in method time of datetime.datetime object at 0x000002CAAA4D88A0>: Large marble: 5-Star, marbles: Eerie Black, Stop Red, Indigo, Tuscan Brown, Sage, Gold, Candy Pink
23:35:19| Created - <built-in method time of datetime.datetime object at 0x000002CAAA4D8750>: Large marble: Hercules, marbles: Dark Moss Green, Isabelline, Shandy, Shandy, Rose Quartz, Venetian Red, Middle Green
23:35:19| Created - <built-in method time of datetime.datetime object at 0x000002CAAA4D88A0>: Large marble: Sure Shot, marbles: Vegas Gold, Indigo, Blue-Green, Cotton Candy, Neon Dark Green, Orange Peel, Bistre Brown
23:35:19| Created - <built-in method time of datetime.datetime object at 0x000002CAAA4D8750>: Large marble: Lucky, marbles: Cobalt Blue, Pale Cerulean, Purple Plum, Pale Cerulean, Lavender Blue, Liver Chestnut, Golden Yellow
23:35:19| Created - <built-in method time of datetime.datetime object at 0x000002CAAA4D88A0>: Large marble: Lucky, marbles: Thulian Pink, Blue-Green, Arylide Yellow, Royal Blue, Sheen Green, Orange Soda, Mimi Pink
23:35:19| Created - <built-in method time of datetime.datetime object at 0x000002CAAA4D8750>: Large marble: Lucky, marbles: Cotton Candy, Big Dip O’ruby, Platinum, Neon Silver, Dark Fuchsia, Terra Cotta, Duke Blue
23:35:19| Created - <built-in method time of datetime.datetime object at 0x000002CAAA4D88A0>: Large marble: Zeus, marbles: Light Orchid, Mulberry, Mint Green, Slate Blue, Chinese Red, Icterine, Thulian Pink
23:35:19| Created - <built-in method time of datetime.datetime object at 0x000002CAAA4D8750>: Large marble: Winner, marbles: Bistre Brown, Beaver, Lavender Purple, Light Orchid, Stop Red, Outrageous Orange, Neon Silver
23:35:19| Created - <built-in method time of datetime.datetime object at 0x000002CAAA4D88A0>: Large marble: Big Joe, marbles: Brink Pink, Royal Orange, Light Orchid, Arylide Yellow, Rose Dust, Mulberry, Rose Quartz
23:35:19| Created - <built-in method time of datetime.datetime object at 0x000002CAAA4D8750>: Large marble: Spinner, marbles: Golden Yellow, Russian Violet, Orange Soda, Zomp, Mint Cream, Pale Goldenrod, Granny Smith Apple
23:35:19| Created - <built-in method time of datetime.datetime object at 0x000002CAAA4D88A0>: Large marble: Hercules, marbles: Orange Peel, Stop Red, Mint Cream, Maximum Blue, Russian Green, Antique Brass, La Salle Green
23:35:19| Created - <built-in method time of datetime.datetime object at 0x000002CAAA4D8750>: Large marble: 5-Star, marbles: Lavender Blue, Dark Fuchsia, Mint Green, Platinum, Light Orange, Safety Yellow, Vegas Gold
23:35:19| Created - <built-in method time of datetime.datetime object at 0x000002CAAA4D88A0>: Large marble: Hercules, marbles: Beaver, Mode Beige, Spanish Orange, Brown, Mode Beige, Auburn, Platinum
23:35:19| Created - <built-in method time of datetime.datetime object at 0x000002CAAA4D8750>: Large marble: Big Joe, marbles: Maximum Violet, Spanish Orange, Brink Pink, Terra Cotta, Mulberry, Indigo, Maximum Blue
23:35:19| Created - <built-in method time of datetime.datetime object at 0x000002CAAA4D88A0>: Large marble: Winner, marbles: Cobalt Blue, Orange Soda, La Salle Green, Purple Plum, Lilac Luster, Isabelline, Mango Tango
23:35:19| Created - <built-in method time of datetime.datetime object at 0x000002CAAA4D8750>: Large marble: 5-Star, marbles: Lumber, Lemon Lime, Pastel Gray, Pale Goldenrod, Gold, Mango Tango, Slate Blue
23:35:19| Created - <built-in method time of datetime.datetime object at 0x000002CAAA4D88A0>: Large marble: Apollo, marbles: Pale Cerulean, Middle Green, Thulian Pink, Pastel Gray, Emerald, Auburn, Rose Quartz
23:35:19| Created - <built-in method time of datetime.datetime object at 0x000002CAAA4D8750>: Large marble: Spinner, marbles: Russian Violet, Chinese Red, Lilac Luster, Middle Green Yellow, Silver Pink, Arylide Yellow, Mint Green
23:35:19| Created - <built-in method time of datetime.datetime object at 0x000002CAAA4D88A0>: Large marble: Lucky, marbles: Maximum Violet, Bistre Brown, Blue Bell, White Smoke, Purple Plum, Mint Green, Cobalt Blue
23:35:19| Created - <built-in method time of datetime.datetime object at 0x000002CAAA4D8750>: Large marble: 5-Star, marbles: Indigo, Mode Beige, Auburn, Lemon Lime, Rose Quartz, Vegas Gold, Isabelline
23:35:19| Created - <built-in method time of datetime.datetime object at 0x000002CAAA4D88A0>: Large marble: Lucky, marbles: Pastel Blue, Sheen Green, Golden Yellow, Stop Red, Lemon Lime, Russian Green, Icterine
23:35:19| Created - <built-in method time of datetime.datetime object at 0x000002CAAA4D8750>: Large marble: Zeus, marbles: Silver Chalice, Tuscan Brown, La Salle Green, Orange Soda, Light Orchid, Mulberry, Mulberry
23:35:19| Created - <built-in method time of datetime.datetime object at 0x000002CAAA4D88A0>: Large marble: Lucky, marbles: White Smoke, Russian Green, Fiery Rose, Dark Moss Green, Purple, Mango Tango, Blue Bell
23:35:19| Created - <built-in method time of datetime.datetime object at 0x000002CAAA4D8750>: Large marble: Lucky, marbles: Platinum, Ruby, Duke Blue, Mango Tango, Tuscan Brown, Royal Orange, Zomp
23:35:19| Created - <built-in method time of datetime.datetime object at 0x000002CAAA4D88A0>: Large marble: Big Joe, marbles: Emerald, Royal Blue, Mint Green, Candy Pink, Silver Chalice, Light Orange, Golden Yellow
23:35:19| Created - <built-in method time of datetime.datetime object at 0x000002CAAA4D8750>: Large marble: Big Joe, marbles: Pastel Blue, Silver Chalice, Brink Pink, Dark Moss Green, Zomp, Dark Fuchsia, Royal Orange
23:35:19| Created - <built-in method time of datetime.datetime object at 0x000002CAAA4D88A0>: Large marble: Winner, marbles: Middle Green, Royal Orange, Emerald, Pale Goldenrod, Thulian Pink, Silver Pink, Neon Pink
23:35:19| Created - <built-in method time of datetime.datetime object at 0x000002CAAA4D8750>: Large marble: Spinner, marbles: Orange Soda, Black Coral, Rose Quartz, Cotton Candy, Silver Chalice, Pastel Blue, Royal Orange
23:35:19| Created - <built-in method time of datetime.datetime object at 0x000002CAAA4D88A0>: Large marble: Hercules, marbles: Bistre Brown, Chinese Red, Shandy, Maximum Violet, Blue Bell, Eerie Black, Mango Tango
23:35:19| Created - <built-in method time of datetime.datetime object at 0x000002CAAA4D8750>: Large marble: Hercules, marbles: Pastel Blue, Dark Moss Green, Bistre Brown, Isabelline, Terra Cotta, Lumber, Spanish Pink
23:35:19| Created - <built-in method time of datetime.datetime object at 0x000002CAAA4D88A0>: Large marble: Lucky, marbles: Ivory, Light Orange, Light Orchid, Spanish Carmine, Slate Blue, Spanish Orange, Mint Green
23:35:19| Created - <built-in method time of datetime.datetime object at 0x000002CAAA4D8750>: Large marble: Sure Shot, marbles: Stop Red, Silver Pink, Blue Bell, Lavender Blue, Duke Blue, Maximum Violet, Stop Red
23:35:19| Created - <built-in method time of datetime.datetime object at 0x000002CAAA4D88A0>: Large marble: Apollo, marbles: Candy Pink, Stop Red, Maximum Violet, Golden Yellow, Ivory, Dark Fuchsia, Mint Cream
23:35:19| Created - <built-in method time of datetime.datetime object at 0x000002CAAA4D8750>: Large marble: Apollo, marbles: Shandy, Spanish Orange, Mode Beige, Antique Bronze, Shandy, Ruby, Pale Goldenrod
23:35:19| Created - <built-in method time of datetime.datetime object at 0x000002CAAA4D88A0>: Large marble: Hercules, marbles: Blue Bell, Sage, Slate Blue, Eerie Black, Middle Green, Royal Blue, Beaver
23:35:19| Created - <built-in method time of datetime.datetime object at 0x000002CAAA4D8750>: Large marble: Spinner, marbles: Blue-Green, Thulian Pink, Ivory, Gold, Purple, Pale Plum, Silver Pink
23:35:19| Created - <built-in method time of datetime.datetime object at 0x000002CAAA4D88A0>: Large marble: Winner, marbles: Middle Green Yellow, Russian Green, Royal Blue, Middle Green, Royal Orange, Russian Violet, Mulberry
23:35:19| Created - <built-in method time of datetime.datetime object at 0x000002CAAA4D8750>: Large marble: Lucky, marbles: Maximum Blue, Neon Silver, Shandy, Mint Green, Safety Yellow, Blue Bell, Almond
23:35:19| Created - <built-in method time of datetime.datetime object at 0x000002CAAA4D88A0>: Large marble: Zeus, marbles: Neon Pink, Slate Blue, White Smoke, Icterine, Pale Taupe, Liver Chestnut, Pale Plum
23:35:19| Created - <built-in method time of datetime.datetime object at 0x000002CAAA4D8750>: Large marble: Spinner, marbles: Silver Pink, Thulian Pink, Orange Soda, Light Orange, Gold, La Salle Green, Duke Blue
23:35:19| Created - <built-in method time of datetime.datetime object at 0x000002CAAA4D88A0>: Large marble: Hercules, marbles: Safety Yellow, Light Orange, Terra Cotta, Auburn, Pastel Blue, Pale Taupe, Icterine
23:35:19| Created - <built-in method time of datetime.datetime object at 0x000002CAAA4D8750>: Large marble: Hercules, marbles: Purple, Golden Yellow, Chinese Red, Cobalt Blue, La Salle Green, Middle Green Yellow, Spanish Carmine
23:35:19| Created - <built-in method time of datetime.datetime object at 0x000002CAAA4D88A0>: Large marble: Lucky, marbles: Lavender Purple, La Salle Green, Honeydew, Lemon Lime, Terra Cotta, Thulian Pink, Antique Brass
23:35:19| Created - <built-in method time of datetime.datetime object at 0x000002CAAA4D8750>: Large marble: Sure Shot, marbles: Golden Yellow, Orange Peel, Icterine, Black Coral, Shandy, Golden Yellow, Russian Violet
23:35:19| Created - <built-in method time of datetime.datetime object at 0x000002CAAA4D88A0>: Large marble: Winner, marbles: Green, Russian Violet, Blue Bell, Lemon Lime, Gold, Middle Green Yellow, Gold
23:35:19| Created - <built-in method time of datetime.datetime object at 0x000002CAAA4D8750>: Large marble: Lucky, marbles: Brown, Emerald, Emerald, Orange Soda, Gold, Brink Pink, Russian Green
23:35:19| Created - <built-in method time of datetime.datetime object at 0x000002CAAA4D88A0>: Large marble: Winner, marbles: Ruby, Gold, Bistre Brown, Candy Pink, Cobalt Blue, Honeydew
23:35:19| Number of gifts created: 143
