20:26:40| ****************************************
20:26:40| Part 2
20:26:40| 
20:26:40| File: verysmall.bmp
20:26:40| Number of drawing commands = 50
20:26:40| Number of threads created  = 0
20:26:46| 
20:26:46| File: verysmall-loops.bmp
20:26:46| Number of drawing commands = 170
20:26:46| Number of threads created  = 0
20:26:47| 
20:26:47| File: small.bmp
20:26:47| Number of drawing commands = 1090
20:26:47| Number of threads created  = 0
20:26:48| 
20:26:48| File: small-loops.bmp
20:26:48| Number of drawing commands = 1090
20:26:48| Number of threads created  = 0
20:26:49| 
20:26:49| File: small-odd.bmp
20:26:49| Number of drawing commands = 1090
20:26:49| Number of threads created  = 0
20:26:49| 
20:26:49| File: small-open.bmp
20:26:49| Number of drawing commands = 1090
20:26:49| Number of threads created  = 0
20:26:50| 
20:26:50| File: large.bmp
20:26:50| Number of drawing commands = 16642
20:26:50| Number of threads created  = 0
20:26:50| 
20:26:50| File: large-loops.bmp
20:26:50| Number of drawing commands = 16642
20:26:50| Number of threads created  = 0
20:26:50| ****************************************
