23:02:27| --------------------------------------------------------------------------------
23:02:27| Primes: 0
23:02:27|  
23:02:27| --------------------------------------------------------------------------------
23:02:27| Words: 0
23:02:27|  
23:02:27| --------------------------------------------------------------------------------
23:02:27| Uppercase: 0
23:02:27|  
23:02:27| --------------------------------------------------------------------------------
23:02:27| Sums: 0
23:02:27|  
23:02:27| --------------------------------------------------------------------------------
23:02:27| Names: 0
23:02:27|  
23:02:27| Number of Primes tasks: 0
23:02:27| Number of Words tasks: 0
23:02:27| Number of Uppercase tasks: 0
23:02:27| Number of Sums tasks: 0
23:02:27| Number of Names tasks: 0
23:02:27| Finished processes 5 tasks = 0.01514320
