23:03:29| --------------------------------------------------------------------------------
23:03:29| Primes: 1
23:03:29| 9,638,760,730,083 is not prime
23:03:29|  
23:03:29| --------------------------------------------------------------------------------
23:03:29| Words: 1
23:03:29| amusement Found
23:03:29|  
23:03:29| --------------------------------------------------------------------------------
23:03:29| Uppercase: 1
23:03:29| inject ==> INJECT
23:03:29|  
23:03:29| --------------------------------------------------------------------------------
23:03:29| Sums: 1
23:03:29| sum of 424 to 694,818 = 241,386,284,295
23:03:29|  
23:03:29| --------------------------------------------------------------------------------
23:03:29| Names: 1
23:03:29| http://127.0.0.1:8790/people/2/ has name C-3PO
23:03:29|  
23:03:29| Number of Primes tasks: 1
23:03:29| Number of Words tasks: 1
23:03:29| Number of Uppercase tasks: 1
23:03:29| Number of Sums tasks: 1
23:03:29| Number of Names tasks: 1
23:03:29| Finished processes 5 tasks = 1.77066380
