23:01:18| --------------------------------------------------------------------------------
23:01:18| Primes: 0
23:01:18|  
23:01:18| --------------------------------------------------------------------------------
23:01:18| Words: 0
23:01:18|  
23:01:18| --------------------------------------------------------------------------------
23:01:18| Uppercase: 0
23:01:18|  
23:01:18| --------------------------------------------------------------------------------
23:01:18| Sums: 0
23:01:18|  
23:01:18| --------------------------------------------------------------------------------
23:01:18| Names: 0
23:01:18|  
23:01:18| Number of Primes tasks: 0
23:01:18| Number of Words tasks: 0
23:01:18| Number of Uppercase tasks: 0
23:01:18| Number of Sums tasks: 0
23:01:18| Number of Names tasks: 0
23:01:18| Finished processes 5 tasks = 0.02492510
