23:00:39| --------------------------------------------------------------------------------
23:00:39| Primes: 0
23:00:39|  
23:00:39| --------------------------------------------------------------------------------
23:00:39| Words: 0
23:00:39|  
23:00:39| --------------------------------------------------------------------------------
23:00:39| Uppercase: 0
23:00:39|  
23:00:39| --------------------------------------------------------------------------------
23:00:39| Sums: 0
23:00:39|  
23:00:39| --------------------------------------------------------------------------------
23:00:39| Names: 0
23:00:39|  
23:00:39| Number of Primes tasks: 0
23:00:39| Number of Words tasks: 0
23:00:39| Number of Uppercase tasks: 0
23:00:39| Number of Sums tasks: 0
23:00:39| Number of Names tasks: 0
23:00:39| Finished processes 0 tasks = 0.00269210
