22:56:37| Starting to retrieve data from the server
22:56:40| ----------------------------------------
22:56:40| Title   : Revenge of the Sith
22:56:40| Director: George Lucas
22:56:40| Producer: Rick McCallum
22:56:40| Released: 2005-05-19
22:56:40| 
22:56:40| Characters: 34
22:56:40| Adi Gallia, Anakin Skywalker, Ayla Secura, Bail Prestor Organa, Beru Whitesun lars, C-3PO, Chewbacca, Darth Vader, Dooku, Eeth Koth, Grievous, Ki-Adi-Mundi, Kit Fisto, Leia Organa, Luke Skywalker, Luminara Unduli, Mace Windu, Nute Gunray, Obi-Wan Kenobi, Owen Lars, Padmé Amidala, Palpatine, Plo Koon, Poggle the Lesser, R2-D2, R4-P17, Raymus Antilles, Saesee Tiin, Shaak Ti, Sly Moore, Tarfful, Tion Medon, Wilhuff Tarkin, Yoda
22:56:40| 
22:56:40| Planets: 13
22:56:40| Alderaan, Cato Neimoidia, Coruscant, Dagobah, Felucia, Kashyyyk, Mustafar, Mygeeto, Naboo, Polis Massa, Saleucami, Tatooine, Utapau
22:56:40| 
22:56:40| Starships: 12
22:56:40| Banking clan frigte, Belbullab-22 starfighter, CR90 corvette, Droid control ship, Jedi Interceptor, Jedi starfighter, Naboo star skiff, Republic attack cruiser, Theta-class T-2c shuttle, Trade Federation cruiser, V-wing, arc-170
22:56:40| 
22:56:40| Vehicles: 13
22:56:40| AT-RT, AT-TE, Clone turbo tank, Corporate Alliance tank droid, Droid gunship, Droid tri-fighter, Emergency Firespeeder, LAAT/i, Neimoidian shuttle, Oevvaor jet catamaran, Raddaugh Gnasp fluttercraft, Tsmeu-6 personal wheel bike, Vulture Droid
22:56:40| 
22:56:40| Species: 20
22:56:40| Cerean, Chagrian, Clawdite, Droid, Geonosian, Human, Iktotchi, Kaleesh, Kel Dor, Mirialan, Muun, Pau an, Quermian, Skakoan, Tholothian, Togruta, Toong, Twi lek, Wookie, Yoda species
22:56:40| Total Time To complete = 3.08244220
22:56:40| There were 94 calls to the server
