23:24:38| --------------------------------------------------------------------------------
23:24:38| Primes: 0
23:24:38|  
23:24:38| --------------------------------------------------------------------------------
23:24:38| Words: 0
23:24:38|  
23:24:38| --------------------------------------------------------------------------------
23:24:38| Uppercase: 0
23:24:38|  
23:24:38| --------------------------------------------------------------------------------
23:24:38| Sums: 0
23:24:38|  
23:24:38| --------------------------------------------------------------------------------
23:24:38| Names: 0
23:24:38|  
23:24:38| Number of Primes tasks: 0
23:24:38| Number of Words tasks: 0
23:24:38| Number of Uppercase tasks: 0
23:24:38| Number of Sums tasks: 0
23:24:38| Number of Names tasks: 0
23:24:38| Finished processes 0 tasks = 1.69600080
