22:35:03| --------------------------------------------------------------------------------
22:35:03| Primes: 0
22:35:03|  
22:35:03| --------------------------------------------------------------------------------
22:35:03| Words: 0
22:35:03|  
22:35:03| --------------------------------------------------------------------------------
22:35:03| Uppercase: 0
22:35:03|  
22:35:03| --------------------------------------------------------------------------------
22:35:03| Sums: 0
22:35:03|  
22:35:03| --------------------------------------------------------------------------------
22:35:03| Names: 0
22:35:03|  
22:35:03| Number of Primes tasks: 0
22:35:03| Number of Words tasks: 0
22:35:03| Number of Uppercase tasks: 0
22:35:03| Number of Sums tasks: 0
22:35:03| Number of Names tasks: 0
22:35:03| Finished processes 0 tasks = 0.00209760
